Using pre-set license
Built from '2020.2/release' branch; Version is '2020.2.2f1 (068178b99f32) revision 426360'; Using compiler version '192528614'; Build Type 'Release'
OS: 'Windows 10 Pro; OS build 19043.1165; Version 2009; 64bit' Language: 'sv' Physical Memory: 16320 MB
BatchMode: 1, IsHumanControllingUs: 0, StartBugReporterOnCrash: 0, Is64bit: 1, IsPro: 0

 COMMAND LINE ARGUMENTS:
C:\Program Files\Unity\Hub\Editor\2020.2.2f1\Editor\Unity.exe
-adb2
-batchMode
-noUpm
-name
AssetImportWorker0
-projectPath
C:/Users/ricka/OneDrive/Documents/UNITY/Spel/PCG SIDESCROLLER
-logFile
Logs/AssetImportWorker0.log
-srvPort
50354
Successfully changed project path to: C:/Users/ricka/OneDrive/Documents/UNITY/Spel/PCG SIDESCROLLER
C:/Users/ricka/OneDrive/Documents/UNITY/Spel/PCG SIDESCROLLER
Using Asset Import Pipeline V2.
Refreshing native plugins compatible for Editor in 55.55 ms, found 1 plugins.
Preloading 0 native plugins for Editor in 0.00 ms.
Initialize engine version: 2020.2.2f1 (068178b99f32)
[Subsystems] Discovering subsystems at path C:/Program Files/Unity/Hub/Editor/2020.2.2f1/Editor/Data/Resources/UnitySubsystems
[Subsystems] Discovering subsystems at path C:/Users/ricka/OneDrive/Documents/UNITY/Spel/PCG SIDESCROLLER/Assets
GfxDevice: creating device client; threaded=0
Direct3D:
    Version:  Direct3D 11.0 [level 11.1]
    Renderer: NVIDIA GeForce GTX 1650 (ID=0x1f82)
    Vendor:   
    VRAM:     3962 MB
    Driver:   30.0.14.7168
Initialize mono
Mono path[0] = 'C:/Program Files/Unity/Hub/Editor/2020.2.2f1/Editor/Data/Managed'
Mono path[1] = 'C:/Program Files/Unity/Hub/Editor/2020.2.2f1/Editor/Data/MonoBleedingEdge/lib/mono/unityjit'
Mono config path = 'C:/Program Files/Unity/Hub/Editor/2020.2.2f1/Editor/Data/MonoBleedingEdge/etc'
Using monoOptions --debugger-agent=transport=dt_socket,embedding=1,server=y,suspend=n,address=127.0.0.1:56052
Begin MonoManager ReloadAssembly
Registering precompiled unity dll's ...
Register platform support module: C:/Program Files/Unity/Hub/Editor/2020.2.2f1/Editor/Data/PlaybackEngines/WindowsStandaloneSupport/UnityEditor.WindowsStandalone.Extensions.dll
Registered in 0.005464 seconds.
Native extension for WindowsStandalone target not found
Refreshing native plugins compatible for Editor in 42.81 ms, found 1 plugins.
Preloading 0 native plugins for Editor in 0.00 ms.
Invoked RoslynAnalysisRunner static constructor.
RoslynAnalysisRunner will not be running.
RoslynAnalysisRunner has terminated.
Mono: successfully reloaded assembly
- Completed reload, in  2.264 seconds
Platform modules already initialized, skipping
Registering precompiled user dll's ...
Registered in 0.001109 seconds.
Begin MonoManager ReloadAssembly
Native extension for WindowsStandalone target not found
Refreshing native plugins compatible for Editor in 44.23 ms, found 1 plugins.
Preloading 0 native plugins for Editor in 0.00 ms.
Invoked RoslynAnalysisRunner static constructor.
RoslynAnalysisRunner will not be running.
RoslynAnalysisRunner has terminated.
Mono: successfully reloaded assembly
- Completed reload, in  1.105 seconds
Platform modules already initialized, skipping
========================================================================
Worker process is ready to serve import requests
Launched and connected shader compiler UnityShaderCompiler.exe after 0.05 seconds
Refreshing native plugins compatible for Editor in 0.63 ms, found 1 plugins.
Preloading 0 native plugins for Editor in 0.00 ms.
Unloading 1915 Unused Serialized files (Serialized files now loaded: 0)
System memory in use before: 92.4 MB.
System memory in use after: 92.3 MB.

Unloading 24 unused Assets to reduce memory usage. Loaded Objects now: 2359.
Total: 3.777200 ms (FindLiveObjects: 0.378300 ms CreateObjectMapping: 0.443300 ms MarkObjects: 2.758600 ms  DeleteObjects: 0.195200 ms)

========================================================================
Received Import Request.
  path: Assets/BlackBlock.png
  artifactKey: Guid(155a29d09323a0943981474bfabe4890) Importer(815301076,1909f56bfc062723c751e8b465ee728b)
Start importing Assets/BlackBlock.png using Guid(155a29d09323a0943981474bfabe4890) Importer(815301076,1909f56bfc062723c751e8b465ee728b)  -> (artifact id: 'dc8757c0370283d291e5f221519c844e') in 0.143627 seconds
  Import took 0.148061 seconds .

========================================================================
Received Import Request.
  Time since last request: 2.376326 seconds.
  path: Assets/Decor1.png
  artifactKey: Guid(98993ef9ad6448a4a8d672359c65f8c9) Importer(815301076,1909f56bfc062723c751e8b465ee728b)
Start importing Assets/Decor1.png using Guid(98993ef9ad6448a4a8d672359c65f8c9) Importer(815301076,1909f56bfc062723c751e8b465ee728b)  -> (artifact id: '0a90351a85e7bb82531e8278a93a8666') in 0.018672 seconds
  Import took 0.022500 seconds .

========================================================================
Received Import Request.
  Time since last request: 8.007572 seconds.
  path: Assets/BlackBlock.png
  artifactKey: Guid(155a29d09323a0943981474bfabe4890) Importer(815301076,1909f56bfc062723c751e8b465ee728b)
Start importing Assets/BlackBlock.png using Guid(155a29d09323a0943981474bfabe4890) Importer(815301076,1909f56bfc062723c751e8b465ee728b)  -> (artifact id: 'f647797658cff79f30f8afbcc527570e') in 0.013943 seconds
  Import took 0.018364 seconds .

========================================================================
Received Import Request.
  Time since last request: 5.901393 seconds.
  path: Assets/Decor1.png
  artifactKey: Guid(98993ef9ad6448a4a8d672359c65f8c9) Importer(815301076,1909f56bfc062723c751e8b465ee728b)
Start importing Assets/Decor1.png using Guid(98993ef9ad6448a4a8d672359c65f8c9) Importer(815301076,1909f56bfc062723c751e8b465ee728b)  -> (artifact id: 'a1e25364429d09f262e18910adfb53c0') in 0.009952 seconds
  Import took 0.014124 seconds .

========================================================================
Received Import Request.
  Time since last request: 26.960536 seconds.
  path: Assets/BlackBlock.png
  artifactKey: Guid(155a29d09323a0943981474bfabe4890) Importer(815301076,1909f56bfc062723c751e8b465ee728b)
Start importing Assets/BlackBlock.png using Guid(155a29d09323a0943981474bfabe4890) Importer(815301076,1909f56bfc062723c751e8b465ee728b)  -> (artifact id: 'cd3b4d599284b28ea9560531329449e5') in 0.019645 seconds
  Import took 0.022854 seconds .

========================================================================
Received Import Request.
  Time since last request: 51.825508 seconds.
  path: Assets/Decor1.png
  artifactKey: Guid(98993ef9ad6448a4a8d672359c65f8c9) Importer(815301076,1909f56bfc062723c751e8b465ee728b)
Start importing Assets/Decor1.png using Guid(98993ef9ad6448a4a8d672359c65f8c9) Importer(815301076,1909f56bfc062723c751e8b465ee728b)  -> (artifact id: '5e39a103de272f9f7deb516a633876d3') in 0.015731 seconds
  Import took 0.020142 seconds .

========================================================================
Received Prepare
Registering precompiled user dll's ...
Registered in 0.001133 seconds.
Begin MonoManager ReloadAssembly
Native extension for WindowsStandalone target not found
Refreshing native plugins compatible for Editor in 0.40 ms, found 1 plugins.
Preloading 0 native plugins for Editor in 0.00 ms.
Invoked RoslynAnalysisRunner static constructor.
RoslynAnalysisRunner will not be running.
RoslynAnalysisRunner has terminated.
Mono: successfully reloaded assembly
- Completed reload, in  1.135 seconds
Platform modules already initialized, skipping
Refreshing native plugins compatible for Editor in 0.78 ms, found 1 plugins.
Preloading 0 native plugins for Editor in 0.00 ms.
Unloading 1883 Unused Serialized files (Serialized files now loaded: 0)
System memory in use before: 94.0 MB.
System memory in use after: 94.0 MB.

Unloading 12 unused Assets to reduce memory usage. Loaded Objects now: 2370.
Total: 2.662300 ms (FindLiveObjects: 0.303000 ms CreateObjectMapping: 0.087500 ms MarkObjects: 2.154700 ms  DeleteObjects: 0.115200 ms)

========================================================================
Received Import Request.
  Time since last request: 5996.110273 seconds.
  path: Assets/Art
  artifactKey: Guid(ff4be3559ab361d4d8fc9721897c15d2) Importer(815301076,1909f56bfc062723c751e8b465ee728b)
Start importing Assets/Art using Guid(ff4be3559ab361d4d8fc9721897c15d2) Importer(815301076,1909f56bfc062723c751e8b465ee728b)  -> (artifact id: '3839623833f0cd27782c06fb141802e5') in 0.011618 seconds
  Import took 0.015829 seconds .

========================================================================
Received Import Request.
  Time since last request: 25.789555 seconds.
  path: Assets/Art/ROCK.png
  artifactKey: Guid(7b405733b0ae57e48a40c91267a029b4) Importer(815301076,1909f56bfc062723c751e8b465ee728b)
Start importing Assets/Art/ROCK.png using Guid(7b405733b0ae57e48a40c91267a029b4) Importer(815301076,1909f56bfc062723c751e8b465ee728b)  -> (artifact id: 'a6acae3833e8147ad5773597b4d0275a') in 0.074151 seconds
  Import took 0.077795 seconds .

========================================================================
Received Import Request.
  Time since last request: 6.236020 seconds.
  path: Assets/Art/ROCK.png
  artifactKey: Guid(7b405733b0ae57e48a40c91267a029b4) Importer(815301076,1909f56bfc062723c751e8b465ee728b)
Start importing Assets/Art/ROCK.png using Guid(7b405733b0ae57e48a40c91267a029b4) Importer(815301076,1909f56bfc062723c751e8b465ee728b)  -> (artifact id: '46acdeb5f1537249142a636aba97f377') in 0.029583 seconds
  Import took 0.033522 seconds .

========================================================================
Received Import Request.
  Time since last request: 5.981353 seconds.
  path: Assets/Art/ROCK.png
  artifactKey: Guid(7b405733b0ae57e48a40c91267a029b4) Importer(815301076,1909f56bfc062723c751e8b465ee728b)
Start importing Assets/Art/ROCK.png using Guid(7b405733b0ae57e48a40c91267a029b4) Importer(815301076,1909f56bfc062723c751e8b465ee728b)  -> (artifact id: 'a53f799e27df5f42e34f1d9360a59895') in 0.010257 seconds
  Import took 0.014561 seconds .

========================================================================
Received Import Request.
  Time since last request: 0.013696 seconds.
  path: Assets/Art/ROCK.png
  artifactKey: Guid(7b405733b0ae57e48a40c91267a029b4) Importer(815301076,1909f56bfc062723c751e8b465ee728b)
Start importing Assets/Art/ROCK.png using Guid(7b405733b0ae57e48a40c91267a029b4) Importer(815301076,1909f56bfc062723c751e8b465ee728b)  -> (artifact id: 'a53f799e27df5f42e34f1d9360a59895') in 0.042639 seconds
  Import took 0.046255 seconds .

========================================================================
Received Import Request.
  Time since last request: 16.169822 seconds.
  path: Assets/Art/Decor1.png
  artifactKey: Guid(e6d44ce58184fb745b47d5790db2f759) Importer(815301076,1909f56bfc062723c751e8b465ee728b)
Start importing Assets/Art/Decor1.png using Guid(e6d44ce58184fb745b47d5790db2f759) Importer(815301076,1909f56bfc062723c751e8b465ee728b)  -> (artifact id: '64a56fe15cd61b50a82fee3a04d2aecb') in 0.015729 seconds
  Import took 0.019293 seconds .

========================================================================
Received Import Request.
  Time since last request: 5.206393 seconds.
  path: Assets/Art/Decor1.png
  artifactKey: Guid(e6d44ce58184fb745b47d5790db2f759) Importer(815301076,1909f56bfc062723c751e8b465ee728b)
Start importing Assets/Art/Decor1.png using Guid(e6d44ce58184fb745b47d5790db2f759) Importer(815301076,1909f56bfc062723c751e8b465ee728b)  -> (artifact id: '3545f8daa13f6eb684c2729050b8c343') in 0.041479 seconds
  Import took 0.045183 seconds .

========================================================================
Received Import Request.
  Time since last request: 16.140534 seconds.
  path: Assets/Art/Decor1.png
  artifactKey: Guid(e6d44ce58184fb745b47d5790db2f759) Importer(815301076,1909f56bfc062723c751e8b465ee728b)
Start importing Assets/Art/Decor1.png using Guid(e6d44ce58184fb745b47d5790db2f759) Importer(815301076,1909f56bfc062723c751e8b465ee728b)  -> (artifact id: '50c0750240c020710001b395136e2703') in 0.043992 seconds
  Import took 0.048125 seconds .

========================================================================
Received Import Request.
  Time since last request: 14.498917 seconds.
  path: Assets/Art/Decor1.png
  artifactKey: Guid(e6d44ce58184fb745b47d5790db2f759) Importer(815301076,1909f56bfc062723c751e8b465ee728b)
Start importing Assets/Art/Decor1.png using Guid(e6d44ce58184fb745b47d5790db2f759) Importer(815301076,1909f56bfc062723c751e8b465ee728b)  -> (artifact id: '2da33e7796a75fdd924fdc6a0135c103') in 0.043481 seconds
  Import took 0.047258 seconds .

========================================================================
Received Import Request.
  Time since last request: 0.001088 seconds.
  path: Assets/Art/Decor1.png
  artifactKey: Guid(e6d44ce58184fb745b47d5790db2f759) Importer(815301076,1909f56bfc062723c751e8b465ee728b)
Start importing Assets/Art/Decor1.png using Guid(e6d44ce58184fb745b47d5790db2f759) Importer(815301076,1909f56bfc062723c751e8b465ee728b)  -> (artifact id: '2da33e7796a75fdd924fdc6a0135c103') in 0.018559 seconds
  Import took 0.022163 seconds .

========================================================================
Received Import Request.
  Time since last request: 16.416925 seconds.
  path: Assets/Art/Decor1.png
  artifactKey: Guid(e6d44ce58184fb745b47d5790db2f759) Importer(815301076,1909f56bfc062723c751e8b465ee728b)
Start importing Assets/Art/Decor1.png using Guid(e6d44ce58184fb745b47d5790db2f759) Importer(815301076,1909f56bfc062723c751e8b465ee728b)  -> (artifact id: '11379aae0bb411ff48b6b498359b93c6') in 0.036427 seconds
  Import took 0.039814 seconds .

========================================================================
Received Import Request.
  Time since last request: 53.744497 seconds.
  path: Assets/Art/ROCK.prefab
  artifactKey: Guid(649e4677d0f81ff49a4f2827622ead4d) Importer(815301076,1909f56bfc062723c751e8b465ee728b)
Start importing Assets/Art/ROCK.prefab using Guid(649e4677d0f81ff49a4f2827622ead4d) Importer(815301076,1909f56bfc062723c751e8b465ee728b)  -> (artifact id: 'f6de9c176d725382d434985d224d70b4') in 0.040687 seconds
  Import took 0.045136 seconds .

========================================================================
Received Prepare
Registering precompiled user dll's ...
Registered in 0.001191 seconds.
Begin MonoManager ReloadAssembly
Native extension for WindowsStandalone target not found
Refreshing native plugins compatible for Editor in 0.39 ms, found 1 plugins.
Preloading 0 native plugins for Editor in 0.00 ms.
Invoked RoslynAnalysisRunner static constructor.
RoslynAnalysisRunner will not be running.
RoslynAnalysisRunner has terminated.
Mono: successfully reloaded assembly
- Completed reload, in  0.956 seconds
Platform modules already initialized, skipping
Refreshing native plugins compatible for Editor in 0.42 ms, found 1 plugins.
Preloading 0 native plugins for Editor in 0.00 ms.
Unloading 1883 Unused Serialized files (Serialized files now loaded: 0)
System memory in use before: 94.1 MB.
System memory in use after: 94.1 MB.

Unloading 12 unused Assets to reduce memory usage. Loaded Objects now: 2382.
Total: 2.605800 ms (FindLiveObjects: 0.244900 ms CreateObjectMapping: 0.053300 ms MarkObjects: 2.175400 ms  DeleteObjects: 0.130500 ms)

========================================================================
Received Prepare
Registering precompiled user dll's ...
Registered in 0.001197 seconds.
Begin MonoManager ReloadAssembly
Native extension for WindowsStandalone target not found
Refreshing native plugins compatible for Editor in 0.43 ms, found 1 plugins.
Preloading 0 native plugins for Editor in 0.00 ms.
Invoked RoslynAnalysisRunner static constructor.
RoslynAnalysisRunner will not be running.
RoslynAnalysisRunner has terminated.
Mono: successfully reloaded assembly
- Completed reload, in  0.955 seconds
Platform modules already initialized, skipping
Refreshing native plugins compatible for Editor in 0.46 ms, found 1 plugins.
Preloading 0 native plugins for Editor in 0.00 ms.
Unloading 1883 Unused Serialized files (Serialized files now loaded: 0)
System memory in use before: 95.0 MB.
System memory in use after: 95.0 MB.

Unloading 12 unused Assets to reduce memory usage. Loaded Objects now: 2385.
Total: 2.619100 ms (FindLiveObjects: 0.224500 ms CreateObjectMapping: 0.053000 ms MarkObjects: 2.204400 ms  DeleteObjects: 0.135200 ms)

========================================================================
Received Import Request.
  Time since last request: 159.529588 seconds.
  path: Assets/Prefabs/Slice
  artifactKey: Guid(a240ba1b339147143847a7300ea1f28f) Importer(815301076,1909f56bfc062723c751e8b465ee728b)
Start importing Assets/Prefabs/Slice using Guid(a240ba1b339147143847a7300ea1f28f) Importer(815301076,1909f56bfc062723c751e8b465ee728b)  -> (artifact id: 'aa017a29c70b2d0812818e5aec333da8') in 0.011291 seconds
  Import took 0.014885 seconds .

========================================================================
Received Prepare
Registering precompiled user dll's ...
Registered in 0.001134 seconds.
Begin MonoManager ReloadAssembly
Native extension for WindowsStandalone target not found
Refreshing native plugins compatible for Editor in 0.39 ms, found 1 plugins.
Preloading 0 native plugins for Editor in 0.00 ms.
Invoked RoslynAnalysisRunner static constructor.
RoslynAnalysisRunner will not be running.
RoslynAnalysisRunner has terminated.
Mono: successfully reloaded assembly
- Completed reload, in  0.961 seconds
Platform modules already initialized, skipping
Refreshing native plugins compatible for Editor in 0.39 ms, found 1 plugins.
Preloading 0 native plugins for Editor in 0.00 ms.
Unloading 1883 Unused Serialized files (Serialized files now loaded: 0)
System memory in use before: 95.2 MB.
System memory in use after: 95.2 MB.

Unloading 12 unused Assets to reduce memory usage. Loaded Objects now: 2388.
Total: 2.883700 ms (FindLiveObjects: 0.239100 ms CreateObjectMapping: 0.057900 ms MarkObjects: 2.432200 ms  DeleteObjects: 0.152600 ms)

========================================================================
Received Prepare
Registering precompiled user dll's ...
Registered in 0.001149 seconds.
Begin MonoManager ReloadAssembly
Native extension for WindowsStandalone target not found
Refreshing native plugins compatible for Editor in 0.41 ms, found 1 plugins.
Preloading 0 native plugins for Editor in 0.00 ms.
Invoked RoslynAnalysisRunner static constructor.
RoslynAnalysisRunner will not be running.
RoslynAnalysisRunner has terminated.
Mono: successfully reloaded assembly
- Completed reload, in  0.941 seconds
Platform modules already initialized, skipping
Refreshing native plugins compatible for Editor in 0.41 ms, found 1 plugins.
Preloading 0 native plugins for Editor in 0.00 ms.
Unloading 1883 Unused Serialized files (Serialized files now loaded: 0)
System memory in use before: 95.1 MB.
System memory in use after: 95.1 MB.

Unloading 12 unused Assets to reduce memory usage. Loaded Objects now: 2391.
Total: 2.458100 ms (FindLiveObjects: 0.209800 ms CreateObjectMapping: 0.043200 ms MarkObjects: 2.080700 ms  DeleteObjects: 0.122900 ms)

========================================================================
Received Prepare
Registering precompiled user dll's ...
Registered in 0.001567 seconds.
Begin MonoManager ReloadAssembly
Native extension for WindowsStandalone target not found
Refreshing native plugins compatible for Editor in 0.44 ms, found 1 plugins.
Preloading 0 native plugins for Editor in 0.00 ms.
Invoked RoslynAnalysisRunner static constructor.
RoslynAnalysisRunner will not be running.
RoslynAnalysisRunner has terminated.
Mono: successfully reloaded assembly
- Completed reload, in  1.120 seconds
Platform modules already initialized, skipping
Refreshing native plugins compatible for Editor in 0.39 ms, found 1 plugins.
Preloading 0 native plugins for Editor in 0.00 ms.
Unloading 1883 Unused Serialized files (Serialized files now loaded: 0)
System memory in use before: 95.2 MB.
System memory in use after: 95.2 MB.

Unloading 12 unused Assets to reduce memory usage. Loaded Objects now: 2394.
Total: 3.883800 ms (FindLiveObjects: 0.260200 ms CreateObjectMapping: 0.083100 ms MarkObjects: 3.394800 ms  DeleteObjects: 0.143500 ms)

========================================================================
Received Prepare
Registering precompiled user dll's ...
Registered in 0.001279 seconds.
Begin MonoManager ReloadAssembly
Native extension for WindowsStandalone target not found
Refreshing native plugins compatible for Editor in 0.41 ms, found 1 plugins.
Preloading 0 native plugins for Editor in 0.00 ms.
Invoked RoslynAnalysisRunner static constructor.
RoslynAnalysisRunner will not be running.
RoslynAnalysisRunner has terminated.
Mono: successfully reloaded assembly
- Completed reload, in  0.993 seconds
Platform modules already initialized, skipping
Refreshing native plugins compatible for Editor in 0.39 ms, found 1 plugins.
Preloading 0 native plugins for Editor in 0.00 ms.
Unloading 1883 Unused Serialized files (Serialized files now loaded: 0)
System memory in use before: 95.0 MB.
System memory in use after: 95.0 MB.

Unloading 12 unused Assets to reduce memory usage. Loaded Objects now: 2397.
Total: 2.932600 ms (FindLiveObjects: 0.241000 ms CreateObjectMapping: 0.063200 ms MarkObjects: 2.473900 ms  DeleteObjects: 0.152600 ms)

========================================================================
Received Import Request.
  Time since last request: 1361.356086 seconds.
  path: Assets/Prefabs/Slice/1/LiveSlice/Slice1.prefab
  artifactKey: Guid(edd542915c437974ba2c2ad6a9e74c48) Importer(815301076,1909f56bfc062723c751e8b465ee728b)
Start importing Assets/Prefabs/Slice/1/LiveSlice/Slice1.prefab using Guid(edd542915c437974ba2c2ad6a9e74c48) Importer(815301076,1909f56bfc062723c751e8b465ee728b)  -> (artifact id: '0af4e6dd3707cf3489ba5836761e2e2f') in 0.081624 seconds
  Import took 0.086076 seconds .

========================================================================
Received Prepare
Registering precompiled user dll's ...
Registered in 0.001306 seconds.
Begin MonoManager ReloadAssembly
Native extension for WindowsStandalone target not found
Refreshing native plugins compatible for Editor in 0.39 ms, found 1 plugins.
Preloading 0 native plugins for Editor in 0.00 ms.
Invoked RoslynAnalysisRunner static constructor.
RoslynAnalysisRunner will not be running.
RoslynAnalysisRunner has terminated.
Mono: successfully reloaded assembly
- Completed reload, in  0.951 seconds
Platform modules already initialized, skipping
Refreshing native plugins compatible for Editor in 0.42 ms, found 1 plugins.
Preloading 0 native plugins for Editor in 0.00 ms.
Unloading 1883 Unused Serialized files (Serialized files now loaded: 0)
System memory in use before: 95.2 MB.
System memory in use after: 95.2 MB.

Unloading 12 unused Assets to reduce memory usage. Loaded Objects now: 2401.
Total: 2.523300 ms (FindLiveObjects: 0.367300 ms CreateObjectMapping: 0.170100 ms MarkObjects: 1.858500 ms  DeleteObjects: 0.126100 ms)

========================================================================
Received Import Request.
  Time since last request: 12.649512 seconds.
  path: Assets/Prefabs/Slice/1/LiveSlice/V1
  artifactKey: Guid(5ff5e510d42bd554bb4de4bf725c929c) Importer(815301076,1909f56bfc062723c751e8b465ee728b)
Start importing Assets/Prefabs/Slice/1/LiveSlice/V1 using Guid(5ff5e510d42bd554bb4de4bf725c929c) Importer(815301076,1909f56bfc062723c751e8b465ee728b)  -> (artifact id: 'cd02324e6da81d449c431606f61ac699') in 0.009973 seconds
  Import took 0.013298 seconds .

========================================================================
Received Import Request.
  Time since last request: 6.304164 seconds.
  path: Assets/Prefabs/Slice/1/LiveSlice/V2
  artifactKey: Guid(10f0d6bb15995604c971dd59799a2bd9) Importer(815301076,1909f56bfc062723c751e8b465ee728b)
Start importing Assets/Prefabs/Slice/1/LiveSlice/V2 using Guid(10f0d6bb15995604c971dd59799a2bd9) Importer(815301076,1909f56bfc062723c751e8b465ee728b)  -> (artifact id: '0d969242fd92386de75d101d318b8d62') in 0.007599 seconds
  Import took 0.010892 seconds .

========================================================================
Received Import Request.
  Time since last request: 0.003730 seconds.
  path: Assets/Prefabs/Slice/1/LiveSlice/V2
  artifactKey: Guid(10f0d6bb15995604c971dd59799a2bd9) Importer(815301076,1909f56bfc062723c751e8b465ee728b)
Start importing Assets/Prefabs/Slice/1/LiveSlice/V2 using Guid(10f0d6bb15995604c971dd59799a2bd9) Importer(815301076,1909f56bfc062723c751e8b465ee728b)  -> (artifact id: '0d969242fd92386de75d101d318b8d62') in 0.002903 seconds
  Import took 0.006035 seconds .

========================================================================
Received Import Request.
  Time since last request: 1.237931 seconds.
  path: Assets/Prefabs/Slice/1/LiveSlice/V2 1
  artifactKey: Guid(2b1e669544cfdd641bb53daed129b3d8) Importer(815301076,1909f56bfc062723c751e8b465ee728b)
Start importing Assets/Prefabs/Slice/1/LiveSlice/V2 1 using Guid(2b1e669544cfdd641bb53daed129b3d8) Importer(815301076,1909f56bfc062723c751e8b465ee728b)  -> (artifact id: 'e99d6cdfe00200c04768ce6e732648fb') in 0.009224 seconds
  Import took 0.012642 seconds .

========================================================================
Received Import Request.
  Time since last request: 2.956032 seconds.
  path: Assets/Prefabs/Slice/1/LiveSlice/V3
  artifactKey: Guid(2b1e669544cfdd641bb53daed129b3d8) Importer(815301076,1909f56bfc062723c751e8b465ee728b)
Start importing Assets/Prefabs/Slice/1/LiveSlice/V3 using Guid(2b1e669544cfdd641bb53daed129b3d8) Importer(815301076,1909f56bfc062723c751e8b465ee728b)  -> (artifact id: '8612fc1332014a0cfae3c9df822a9663') in 0.008844 seconds
  Import took 0.012221 seconds .

========================================================================
Received Import Request.
  Time since last request: 9.285998 seconds.
  path: Assets/Prefabs/Slice/1/LiveSlice/V1/Slice1 1.prefab
  artifactKey: Guid(def95d2eb316f59479cf394dd3bd3f52) Importer(815301076,1909f56bfc062723c751e8b465ee728b)
Start importing Assets/Prefabs/Slice/1/LiveSlice/V1/Slice1 1.prefab using Guid(def95d2eb316f59479cf394dd3bd3f52) Importer(815301076,1909f56bfc062723c751e8b465ee728b)  -> (artifact id: '6a8576292037f30881127656f8620f85') in 0.081870 seconds
  Import took 0.086035 seconds .

========================================================================
Received Import Request.
  Time since last request: 165.561676 seconds.
  path: Assets/Prefabs/Slice/1/LiveSlice/V1/Slice1 1.prefab
  artifactKey: Guid(def95d2eb316f59479cf394dd3bd3f52) Importer(815301076,1909f56bfc062723c751e8b465ee728b)
Start importing Assets/Prefabs/Slice/1/LiveSlice/V1/Slice1 1.prefab using Guid(def95d2eb316f59479cf394dd3bd3f52) Importer(815301076,1909f56bfc062723c751e8b465ee728b)  -> (artifact id: 'ec57ec00474839be2aaf6154fbba6a03') in 0.023792 seconds
  Import took 0.028397 seconds .

========================================================================
Received Import Request.
  Time since last request: 4.544160 seconds.
  path: Assets/Prefabs/Slice/1/LiveSlice/V1/1.1.prefab
  artifactKey: Guid(def95d2eb316f59479cf394dd3bd3f52) Importer(815301076,1909f56bfc062723c751e8b465ee728b)
Start importing Assets/Prefabs/Slice/1/LiveSlice/V1/1.1.prefab using Guid(def95d2eb316f59479cf394dd3bd3f52) Importer(815301076,1909f56bfc062723c751e8b465ee728b)  -> (artifact id: 'fe1fe64d63bbe31a2673d3a322139db4') in 0.021216 seconds
  Import took 0.025092 seconds .

========================================================================
Received Import Request.
  Time since last request: 3.454596 seconds.
  path: Assets/Prefabs/Slice/1/LiveSlice/V1/1.2.prefab
  artifactKey: Guid(edd542915c437974ba2c2ad6a9e74c48) Importer(815301076,1909f56bfc062723c751e8b465ee728b)
Start importing Assets/Prefabs/Slice/1/LiveSlice/V1/1.2.prefab using Guid(edd542915c437974ba2c2ad6a9e74c48) Importer(815301076,1909f56bfc062723c751e8b465ee728b)  -> (artifact id: 'a1375caf0d1275edb704aa7aa7c1156e') in 0.023082 seconds
  Import took 0.026701 seconds .

========================================================================
Received Prepare
Registering precompiled user dll's ...
Registered in 0.001325 seconds.
Begin MonoManager ReloadAssembly
Native extension for WindowsStandalone target not found
Refreshing native plugins compatible for Editor in 0.43 ms, found 1 plugins.
Preloading 0 native plugins for Editor in 0.00 ms.
Invoked RoslynAnalysisRunner static constructor.
RoslynAnalysisRunner will not be running.
RoslynAnalysisRunner has terminated.
Mono: successfully reloaded assembly
- Completed reload, in  0.964 seconds
Platform modules already initialized, skipping
Refreshing native plugins compatible for Editor in 0.39 ms, found 1 plugins.
Preloading 0 native plugins for Editor in 0.00 ms.
Unloading 1883 Unused Serialized files (Serialized files now loaded: 0)
System memory in use before: 95.1 MB.
System memory in use after: 95.1 MB.

Unloading 12 unused Assets to reduce memory usage. Loaded Objects now: 2405.
Total: 2.538200 ms (FindLiveObjects: 0.234000 ms CreateObjectMapping: 0.059700 ms MarkObjects: 2.107500 ms  DeleteObjects: 0.135200 ms)

========================================================================
Received Import Request.
  Time since last request: 98.110471 seconds.
  path: Assets/Prefabs/Slice/1/LiveSlice/V1/1.5.prefab
  artifactKey: Guid(edd542915c437974ba2c2ad6a9e74c48) Importer(815301076,1909f56bfc062723c751e8b465ee728b)
Start importing Assets/Prefabs/Slice/1/LiveSlice/V1/1.5.prefab using Guid(edd542915c437974ba2c2ad6a9e74c48) Importer(815301076,1909f56bfc062723c751e8b465ee728b)  -> (artifact id: '4b34b80176f361b0a3c6487557d5c459') in 0.085783 seconds
  Import took 0.089958 seconds .

========================================================================
Received Import Request.
  Time since last request: 2.473552 seconds.
  path: Assets/Prefabs/Slice/1/LiveSlice/V1/1.2.prefab
  artifactKey: Guid(def95d2eb316f59479cf394dd3bd3f52) Importer(815301076,1909f56bfc062723c751e8b465ee728b)
Start importing Assets/Prefabs/Slice/1/LiveSlice/V1/1.2.prefab using Guid(def95d2eb316f59479cf394dd3bd3f52) Importer(815301076,1909f56bfc062723c751e8b465ee728b)  -> (artifact id: 'facfd1c02002da4b4c36ffebd20228d9') in 0.020056 seconds
  Import took 0.024457 seconds .

========================================================================
Received Import Request.
  Time since last request: 2.490648 seconds.
  path: Assets/Prefabs/Slice/1/LiveSlice/V1/1.1.prefab
  artifactKey: Guid(edd542915c437974ba2c2ad6a9e74c48) Importer(815301076,1909f56bfc062723c751e8b465ee728b)
Start importing Assets/Prefabs/Slice/1/LiveSlice/V1/1.1.prefab using Guid(edd542915c437974ba2c2ad6a9e74c48) Importer(815301076,1909f56bfc062723c751e8b465ee728b)  -> (artifact id: '372af3d72a202e0755268fd5550b1926') in 0.026048 seconds
  Import took 0.030088 seconds .

========================================================================
Received Prepare
Registering precompiled user dll's ...
Registered in 0.002246 seconds.
Begin MonoManager ReloadAssembly
Native extension for WindowsStandalone target not found
Refreshing native plugins compatible for Editor in 0.39 ms, found 1 plugins.
Preloading 0 native plugins for Editor in 0.00 ms.
Invoked RoslynAnalysisRunner static constructor.
RoslynAnalysisRunner will not be running.
RoslynAnalysisRunner has terminated.
Mono: successfully reloaded assembly
- Completed reload, in  1.046 seconds
Platform modules already initialized, skipping
Refreshing native plugins compatible for Editor in 0.58 ms, found 1 plugins.
Preloading 0 native plugins for Editor in 0.00 ms.
Unloading 1883 Unused Serialized files (Serialized files now loaded: 0)
System memory in use before: 95.3 MB.
System memory in use after: 95.3 MB.

Unloading 12 unused Assets to reduce memory usage. Loaded Objects now: 2409.
Total: 2.819200 ms (FindLiveObjects: 0.388200 ms CreateObjectMapping: 0.198400 ms MarkObjects: 2.087200 ms  DeleteObjects: 0.143200 ms)

========================================================================
Received Prepare
Registering precompiled user dll's ...
Registered in 0.001117 seconds.
Begin MonoManager ReloadAssembly
Native extension for WindowsStandalone target not found
Refreshing native plugins compatible for Editor in 0.65 ms, found 1 plugins.
Preloading 0 native plugins for Editor in 0.00 ms.
Invoked RoslynAnalysisRunner static constructor.
RoslynAnalysisRunner will not be running.
RoslynAnalysisRunner has terminated.
Mono: successfully reloaded assembly
- Completed reload, in  1.269 seconds
Platform modules already initialized, skipping
Refreshing native plugins compatible for Editor in 0.44 ms, found 1 plugins.
Preloading 0 native plugins for Editor in 0.00 ms.
Unloading 1883 Unused Serialized files (Serialized files now loaded: 0)
System memory in use before: 95.1 MB.
System memory in use after: 95.1 MB.

Unloading 12 unused Assets to reduce memory usage. Loaded Objects now: 2412.
Total: 2.624800 ms (FindLiveObjects: 0.294500 ms CreateObjectMapping: 0.072700 ms MarkObjects: 2.127700 ms  DeleteObjects: 0.128700 ms)

========================================================================
Received Prepare
Registering precompiled user dll's ...
Registered in 0.001101 seconds.
Begin MonoManager ReloadAssembly
Native extension for WindowsStandalone target not found
Refreshing native plugins compatible for Editor in 0.39 ms, found 1 plugins.
Preloading 0 native plugins for Editor in 0.00 ms.
Invoked RoslynAnalysisRunner static constructor.
RoslynAnalysisRunner will not be running.
RoslynAnalysisRunner has terminated.
Mono: successfully reloaded assembly
- Completed reload, in  1.006 seconds
Platform modules already initialized, skipping
Refreshing native plugins compatible for Editor in 0.46 ms, found 1 plugins.
Preloading 0 native plugins for Editor in 0.00 ms.
Unloading 1883 Unused Serialized files (Serialized files now loaded: 0)
System memory in use before: 95.3 MB.
System memory in use after: 95.3 MB.

Unloading 12 unused Assets to reduce memory usage. Loaded Objects now: 2415.
Total: 2.260900 ms (FindLiveObjects: 0.245900 ms CreateObjectMapping: 0.049300 ms MarkObjects: 1.843900 ms  DeleteObjects: 0.120200 ms)

========================================================================
Received Prepare
Registering precompiled user dll's ...
Registered in 0.001433 seconds.
Begin MonoManager ReloadAssembly
Native extension for WindowsStandalone target not found
Refreshing native plugins compatible for Editor in 0.41 ms, found 1 plugins.
Preloading 0 native plugins for Editor in 0.00 ms.
Invoked RoslynAnalysisRunner static constructor.
RoslynAnalysisRunner will not be running.
RoslynAnalysisRunner has terminated.
Mono: successfully reloaded assembly
- Completed reload, in  1.124 seconds
Platform modules already initialized, skipping
Refreshing native plugins compatible for Editor in 0.41 ms, found 1 plugins.
Preloading 0 native plugins for Editor in 0.00 ms.
Unloading 1883 Unused Serialized files (Serialized files now loaded: 0)
System memory in use before: 95.0 MB.
System memory in use after: 95.0 MB.

Unloading 12 unused Assets to reduce memory usage. Loaded Objects now: 2418.
Total: 2.988600 ms (FindLiveObjects: 0.210400 ms CreateObjectMapping: 0.042400 ms MarkObjects: 2.565700 ms  DeleteObjects: 0.167900 ms)

========================================================================
Received Import Request.
  Time since last request: 25168.881272 seconds.
  path: Assets/Prefabs/Slice/1/LiveSlice/V1/1.3.prefab
  artifactKey: Guid(d25d600dfdf1d0646815b22fb9964685) Importer(815301076,1909f56bfc062723c751e8b465ee728b)
Start importing Assets/Prefabs/Slice/1/LiveSlice/V1/1.3.prefab using Guid(d25d600dfdf1d0646815b22fb9964685) Importer(815301076,1909f56bfc062723c751e8b465ee728b)  -> (artifact id: '06d136d056946c25144edfcd250ba278') in 0.112344 seconds
  Import took 0.117140 seconds .

========================================================================
Received Import Request.
  Time since last request: 1.453385 seconds.
  path: Assets/Prefabs/Slice/1/LiveSlice/V1/1.4.prefab
  artifactKey: Guid(6aec7dfbbd951f94bab51cf356263c61) Importer(815301076,1909f56bfc062723c751e8b465ee728b)
Start importing Assets/Prefabs/Slice/1/LiveSlice/V1/1.4.prefab using Guid(6aec7dfbbd951f94bab51cf356263c61) Importer(815301076,1909f56bfc062723c751e8b465ee728b)  -> (artifact id: '3c82aa27b63f5525084c6f6a52083bce') in 0.028868 seconds
  Import took 0.033177 seconds .

========================================================================
Received Import Request.
  Time since last request: 1.483520 seconds.
  path: Assets/Prefabs/Slice/1/LiveSlice/V1/1.5.prefab
  artifactKey: Guid(8339e23a0e78c454cac4bac042645fd0) Importer(815301076,1909f56bfc062723c751e8b465ee728b)
Start importing Assets/Prefabs/Slice/1/LiveSlice/V1/1.5.prefab using Guid(8339e23a0e78c454cac4bac042645fd0) Importer(815301076,1909f56bfc062723c751e8b465ee728b)  -> (artifact id: 'cc03e04acdcf1ccadc55cbbafe908da3') in 0.027493 seconds
  Import took 0.032459 seconds .

========================================================================
Received Import Request.
  Time since last request: 1.540495 seconds.
  path: Assets/Prefabs/Slice/1/LiveSlice/V1/1.6.prefab
  artifactKey: Guid(613e1aba1fb361943b2e11f391a078e8) Importer(815301076,1909f56bfc062723c751e8b465ee728b)
Start importing Assets/Prefabs/Slice/1/LiveSlice/V1/1.6.prefab using Guid(613e1aba1fb361943b2e11f391a078e8) Importer(815301076,1909f56bfc062723c751e8b465ee728b)  -> (artifact id: 'a9281ee8af062d274be4ef1c3107a945') in 0.022736 seconds
  Import took 0.026787 seconds .

========================================================================
Received Import Request.
  Time since last request: 1.542072 seconds.
  path: Assets/Prefabs/Slice/1/LiveSlice/V1/1.7.prefab
  artifactKey: Guid(88c388592e9fe3b48a5c26627553e2bc) Importer(815301076,1909f56bfc062723c751e8b465ee728b)
Start importing Assets/Prefabs/Slice/1/LiveSlice/V1/1.7.prefab using Guid(88c388592e9fe3b48a5c26627553e2bc) Importer(815301076,1909f56bfc062723c751e8b465ee728b)  -> (artifact id: '7e28fb8a5e0f242ca66e755cfdbcb044') in 0.032207 seconds
  Import took 0.037197 seconds .

========================================================================
Received Import Request.
  Time since last request: 1.598500 seconds.
  path: Assets/Prefabs/Slice/1/LiveSlice/V1/1.8.prefab
  artifactKey: Guid(f71cd7fbf1dbd0745939cadd1ef44ea2) Importer(815301076,1909f56bfc062723c751e8b465ee728b)
Start importing Assets/Prefabs/Slice/1/LiveSlice/V1/1.8.prefab using Guid(f71cd7fbf1dbd0745939cadd1ef44ea2) Importer(815301076,1909f56bfc062723c751e8b465ee728b)  -> (artifact id: '3cf4341d1322c47fd5b0fd549a23a826') in 0.023652 seconds
  Import took 0.027633 seconds .

========================================================================
Received Import Request.
  Time since last request: 1.558828 seconds.
  path: Assets/Prefabs/Slice/1/LiveSlice/V1/1.9.prefab
  artifactKey: Guid(d5b930682dc8c6a49971322dd8f6b080) Importer(815301076,1909f56bfc062723c751e8b465ee728b)
Start importing Assets/Prefabs/Slice/1/LiveSlice/V1/1.9.prefab using Guid(d5b930682dc8c6a49971322dd8f6b080) Importer(815301076,1909f56bfc062723c751e8b465ee728b)  -> (artifact id: '75c760dc1a359aec3f15f69781937165') in 0.021590 seconds
  Import took 0.025531 seconds .

========================================================================
Received Import Request.
  Time since last request: 15.285709 seconds.
  path: Assets/Prefabs/Slice/1/LiveSlice/V2/Slice2.prefab
  artifactKey: Guid(f46128b95fdb0aa4a9b9b4b658e191f9) Importer(815301076,1909f56bfc062723c751e8b465ee728b)
Start importing Assets/Prefabs/Slice/1/LiveSlice/V2/Slice2.prefab using Guid(f46128b95fdb0aa4a9b9b4b658e191f9) Importer(815301076,1909f56bfc062723c751e8b465ee728b)  -> (artifact id: '07bc5b95d03e93ae33e8a77fb222f3b1') in 0.029968 seconds
  Import took 0.035409 seconds .

========================================================================
Received Import Request.
  Time since last request: 0.002482 seconds.
  path: Assets/Prefabs/Slice/1/LiveSlice/V2/Slice2.prefab
  artifactKey: Guid(f46128b95fdb0aa4a9b9b4b658e191f9) Importer(815301076,1909f56bfc062723c751e8b465ee728b)
Start importing Assets/Prefabs/Slice/1/LiveSlice/V2/Slice2.prefab using Guid(f46128b95fdb0aa4a9b9b4b658e191f9) Importer(815301076,1909f56bfc062723c751e8b465ee728b)  -> (artifact id: '07bc5b95d03e93ae33e8a77fb222f3b1') in 0.023361 seconds
  Import took 0.028034 seconds .

========================================================================
Received Import Request.
  Time since last request: 1.960205 seconds.
  path: Assets/Prefabs/Slice/1/LiveSlice/V2/2.1.prefab
  artifactKey: Guid(f46128b95fdb0aa4a9b9b4b658e191f9) Importer(815301076,1909f56bfc062723c751e8b465ee728b)
Start importing Assets/Prefabs/Slice/1/LiveSlice/V2/2.1.prefab using Guid(f46128b95fdb0aa4a9b9b4b658e191f9) Importer(815301076,1909f56bfc062723c751e8b465ee728b)  -> (artifact id: '656637106c699ce0a0872663a5072b17') in 0.022596 seconds
  Import took 0.027505 seconds .

========================================================================
Received Import Request.
  Time since last request: 1.840787 seconds.
  path: Assets/Prefabs/Slice/1/LiveSlice/V3/Slice3.prefab
  artifactKey: Guid(9a98e671134cfd041a11e5b7ea55b7b1) Importer(815301076,1909f56bfc062723c751e8b465ee728b)
Start importing Assets/Prefabs/Slice/1/LiveSlice/V3/Slice3.prefab using Guid(9a98e671134cfd041a11e5b7ea55b7b1) Importer(815301076,1909f56bfc062723c751e8b465ee728b)  -> (artifact id: '449d824529edbf0ed18215a5c29a01ad') in 0.026149 seconds
  Import took 0.030763 seconds .

========================================================================
Received Import Request.
  Time since last request: 1.752061 seconds.
  path: Assets/Prefabs/Slice/1/LiveSlice/V3/3.1.prefab
  artifactKey: Guid(9a98e671134cfd041a11e5b7ea55b7b1) Importer(815301076,1909f56bfc062723c751e8b465ee728b)
Start importing Assets/Prefabs/Slice/1/LiveSlice/V3/3.1.prefab using Guid(9a98e671134cfd041a11e5b7ea55b7b1) Importer(815301076,1909f56bfc062723c751e8b465ee728b)  -> (artifact id: '78fdeb7ed28051be0ad08ea3eed35bf8') in 0.025104 seconds
  Import took 0.029348 seconds .

========================================================================
Received Prepare
Registering precompiled user dll's ...
Registered in 0.001517 seconds.
Begin MonoManager ReloadAssembly
Native extension for WindowsStandalone target not found
Refreshing native plugins compatible for Editor in 0.40 ms, found 1 plugins.
Preloading 0 native plugins for Editor in 0.00 ms.
Invoked RoslynAnalysisRunner static constructor.
RoslynAnalysisRunner will not be running.
RoslynAnalysisRunner has terminated.
Mono: successfully reloaded assembly
- Completed reload, in  0.974 seconds
Platform modules already initialized, skipping
Refreshing native plugins compatible for Editor in 0.41 ms, found 1 plugins.
Preloading 0 native plugins for Editor in 0.00 ms.
Unloading 1883 Unused Serialized files (Serialized files now loaded: 0)
System memory in use before: 95.6 MB.
System memory in use after: 95.6 MB.

Unloading 12 unused Assets to reduce memory usage. Loaded Objects now: 2422.
Total: 2.889800 ms (FindLiveObjects: 0.263900 ms CreateObjectMapping: 0.062900 ms MarkObjects: 2.423700 ms  DeleteObjects: 0.138000 ms)

========================================================================
Received Prepare
Registering precompiled user dll's ...
Registered in 0.001731 seconds.
Begin MonoManager ReloadAssembly
Native extension for WindowsStandalone target not found
Refreshing native plugins compatible for Editor in 0.40 ms, found 1 plugins.
Preloading 0 native plugins for Editor in 0.00 ms.
Invoked RoslynAnalysisRunner static constructor.
RoslynAnalysisRunner will not be running.
RoslynAnalysisRunner has terminated.
Mono: successfully reloaded assembly
- Completed reload, in  0.986 seconds
Platform modules already initialized, skipping
Refreshing native plugins compatible for Editor in 0.43 ms, found 1 plugins.
Preloading 0 native plugins for Editor in 0.00 ms.
Unloading 1883 Unused Serialized files (Serialized files now loaded: 0)
System memory in use before: 95.3 MB.
System memory in use after: 95.3 MB.

Unloading 12 unused Assets to reduce memory usage. Loaded Objects now: 2425.
Total: 3.115700 ms (FindLiveObjects: 0.241600 ms CreateObjectMapping: 0.057100 ms MarkObjects: 2.661900 ms  DeleteObjects: 0.153100 ms)

========================================================================
Received Prepare
Registering precompiled user dll's ...
Registered in 0.001113 seconds.
Begin MonoManager ReloadAssembly
Native extension for WindowsStandalone target not found
Refreshing native plugins compatible for Editor in 0.41 ms, found 1 plugins.
Preloading 0 native plugins for Editor in 0.00 ms.
Invoked RoslynAnalysisRunner static constructor.
RoslynAnalysisRunner will not be running.
RoslynAnalysisRunner has terminated.
Mono: successfully reloaded assembly
- Completed reload, in  0.954 seconds
Platform modules already initialized, skipping
Refreshing native plugins compatible for Editor in 0.39 ms, found 1 plugins.
Preloading 0 native plugins for Editor in 0.00 ms.
Unloading 1883 Unused Serialized files (Serialized files now loaded: 0)
System memory in use before: 95.6 MB.
System memory in use after: 95.6 MB.

Unloading 12 unused Assets to reduce memory usage. Loaded Objects now: 2428.
Total: 2.164700 ms (FindLiveObjects: 0.210400 ms CreateObjectMapping: 0.043100 ms MarkObjects: 1.791100 ms  DeleteObjects: 0.118700 ms)

========================================================================
Received Prepare
Registering precompiled user dll's ...
Registered in 0.001139 seconds.
Begin MonoManager ReloadAssembly
Native extension for WindowsStandalone target not found
Refreshing native plugins compatible for Editor in 0.40 ms, found 1 plugins.
Preloading 0 native plugins for Editor in 0.00 ms.
Invoked RoslynAnalysisRunner static constructor.
RoslynAnalysisRunner will not be running.
RoslynAnalysisRunner has terminated.
Mono: successfully reloaded assembly
- Completed reload, in  0.975 seconds
Platform modules already initialized, skipping
Refreshing native plugins compatible for Editor in 0.39 ms, found 1 plugins.
Preloading 0 native plugins for Editor in 0.00 ms.
Unloading 1883 Unused Serialized files (Serialized files now loaded: 0)
System memory in use before: 95.2 MB.
System memory in use after: 95.2 MB.

Unloading 12 unused Assets to reduce memory usage. Loaded Objects now: 2431.
Total: 22.417200 ms (FindLiveObjects: 0.331000 ms CreateObjectMapping: 0.047900 ms MarkObjects: 21.857600 ms  DeleteObjects: 0.178700 ms)

========================================================================
Received Prepare
Registering precompiled user dll's ...
Registered in 0.001252 seconds.
Begin MonoManager ReloadAssembly
Native extension for WindowsStandalone target not found
Refreshing native plugins compatible for Editor in 0.39 ms, found 1 plugins.
Preloading 0 native plugins for Editor in 0.00 ms.
Invoked RoslynAnalysisRunner static constructor.
RoslynAnalysisRunner will not be running.
RoslynAnalysisRunner has terminated.
Mono: successfully reloaded assembly
- Completed reload, in  0.950 seconds
Platform modules already initialized, skipping
Refreshing native plugins compatible for Editor in 0.46 ms, found 1 plugins.
Preloading 0 native plugins for Editor in 0.00 ms.
Unloading 1883 Unused Serialized files (Serialized files now loaded: 0)
System memory in use before: 95.7 MB.
System memory in use after: 95.7 MB.

Unloading 12 unused Assets to reduce memory usage. Loaded Objects now: 2434.
Total: 2.806400 ms (FindLiveObjects: 0.244400 ms CreateObjectMapping: 0.060900 ms MarkObjects: 2.358800 ms  DeleteObjects: 0.140900 ms)

========================================================================
Received Prepare
Registering precompiled user dll's ...
Registered in 0.001522 seconds.
Begin MonoManager ReloadAssembly
Native extension for WindowsStandalone target not found
Refreshing native plugins compatible for Editor in 0.43 ms, found 1 plugins.
Preloading 0 native plugins for Editor in 0.00 ms.
Invoked RoslynAnalysisRunner static constructor.
RoslynAnalysisRunner will not be running.
RoslynAnalysisRunner has terminated.
Mono: successfully reloaded assembly
- Completed reload, in  0.995 seconds
Platform modules already initialized, skipping
Refreshing native plugins compatible for Editor in 0.39 ms, found 1 plugins.
Preloading 0 native plugins for Editor in 0.00 ms.
Unloading 1883 Unused Serialized files (Serialized files now loaded: 0)
System memory in use before: 95.2 MB.
System memory in use after: 95.2 MB.

Unloading 12 unused Assets to reduce memory usage. Loaded Objects now: 2437.
Total: 2.556700 ms (FindLiveObjects: 0.210300 ms CreateObjectMapping: 0.042800 ms MarkObjects: 2.156700 ms  DeleteObjects: 0.145500 ms)

========================================================================
Received Prepare
Registering precompiled user dll's ...
Registered in 0.001203 seconds.
Begin MonoManager ReloadAssembly
Native extension for WindowsStandalone target not found
Refreshing native plugins compatible for Editor in 0.57 ms, found 1 plugins.
Preloading 0 native plugins for Editor in 0.00 ms.
Invoked RoslynAnalysisRunner static constructor.
RoslynAnalysisRunner will not be running.
RoslynAnalysisRunner has terminated.
Mono: successfully reloaded assembly
- Completed reload, in  1.053 seconds
Platform modules already initialized, skipping
Refreshing native plugins compatible for Editor in 0.41 ms, found 1 plugins.
Preloading 0 native plugins for Editor in 0.00 ms.
Unloading 1883 Unused Serialized files (Serialized files now loaded: 0)
System memory in use before: 95.7 MB.
System memory in use after: 95.7 MB.

Unloading 12 unused Assets to reduce memory usage. Loaded Objects now: 2440.
Total: 2.660000 ms (FindLiveObjects: 0.344800 ms CreateObjectMapping: 0.091400 ms MarkObjects: 2.082800 ms  DeleteObjects: 0.139600 ms)

========================================================================
Received Prepare
Registering precompiled user dll's ...
Registered in 0.001642 seconds.
Begin MonoManager ReloadAssembly
Native extension for WindowsStandalone target not found
Refreshing native plugins compatible for Editor in 0.39 ms, found 1 plugins.
Preloading 0 native plugins for Editor in 0.00 ms.
Invoked RoslynAnalysisRunner static constructor.
RoslynAnalysisRunner will not be running.
RoslynAnalysisRunner has terminated.
Mono: successfully reloaded assembly
- Completed reload, in  1.003 seconds
Platform modules already initialized, skipping
Refreshing native plugins compatible for Editor in 0.51 ms, found 1 plugins.
Preloading 0 native plugins for Editor in 0.00 ms.
Unloading 1883 Unused Serialized files (Serialized files now loaded: 0)
System memory in use before: 95.7 MB.
System memory in use after: 95.7 MB.

Unloading 12 unused Assets to reduce memory usage. Loaded Objects now: 2443.
Total: 4.832200 ms (FindLiveObjects: 0.450100 ms CreateObjectMapping: 0.258800 ms MarkObjects: 3.992600 ms  DeleteObjects: 0.129000 ms)

========================================================================
Received Import Request.
  Time since last request: 1483.357906 seconds.
  path: Assets/Art/BigRock.png
  artifactKey: Guid(b4f31d50fdc88cb4e94197e8c5ac96b2) Importer(815301076,1909f56bfc062723c751e8b465ee728b)
Start importing Assets/Art/BigRock.png using Guid(b4f31d50fdc88cb4e94197e8c5ac96b2) Importer(815301076,1909f56bfc062723c751e8b465ee728b)  -> (artifact id: '656bd67f48038e118c9fa66f7e0154a6') in 0.060362 seconds
  Import took 0.063966 seconds .

========================================================================
Received Import Request.
  Time since last request: 0.022204 seconds.
  path: Assets/Art/BigRock.png
  artifactKey: Guid(b4f31d50fdc88cb4e94197e8c5ac96b2) Importer(815301076,1909f56bfc062723c751e8b465ee728b)
Start importing Assets/Art/BigRock.png using Guid(b4f31d50fdc88cb4e94197e8c5ac96b2) Importer(815301076,1909f56bfc062723c751e8b465ee728b)  -> (artifact id: '656bd67f48038e118c9fa66f7e0154a6') in 0.010595 seconds
  Import took 0.014455 seconds .

========================================================================
Received Import Request.
  Time since last request: 7.421264 seconds.
  path: Assets/Art/BigRock.png
  artifactKey: Guid(b4f31d50fdc88cb4e94197e8c5ac96b2) Importer(815301076,1909f56bfc062723c751e8b465ee728b)
Start importing Assets/Art/BigRock.png using Guid(b4f31d50fdc88cb4e94197e8c5ac96b2) Importer(815301076,1909f56bfc062723c751e8b465ee728b)  -> (artifact id: '793a44e66ab549cc2a56c47ca211b443') in 0.036019 seconds
  Import took 0.039523 seconds .

========================================================================
Received Import Request.
  Time since last request: 29.637337 seconds.
  path: Assets/Art/BigRock.png
  artifactKey: Guid(b4f31d50fdc88cb4e94197e8c5ac96b2) Importer(815301076,1909f56bfc062723c751e8b465ee728b)
Start importing Assets/Art/BigRock.png using Guid(b4f31d50fdc88cb4e94197e8c5ac96b2) Importer(815301076,1909f56bfc062723c751e8b465ee728b)  -> (artifact id: '25259464f04acbd5a42a8822580725bd') in 0.039226 seconds
  Import took 0.043805 seconds .

========================================================================
Received Prepare
Registering precompiled user dll's ...
Registered in 0.001421 seconds.
Begin MonoManager ReloadAssembly
Native extension for WindowsStandalone target not found
Refreshing native plugins compatible for Editor in 0.39 ms, found 1 plugins.
Preloading 0 native plugins for Editor in 0.00 ms.
Invoked RoslynAnalysisRunner static constructor.
RoslynAnalysisRunner will not be running.
RoslynAnalysisRunner has terminated.
Mono: successfully reloaded assembly
- Completed reload, in  0.971 seconds
Platform modules already initialized, skipping
Refreshing native plugins compatible for Editor in 0.40 ms, found 1 plugins.
Preloading 0 native plugins for Editor in 0.00 ms.
Unloading 1883 Unused Serialized files (Serialized files now loaded: 0)
System memory in use before: 95.6 MB.
System memory in use after: 95.7 MB.

Unloading 12 unused Assets to reduce memory usage. Loaded Objects now: 2449.
Total: 2.463100 ms (FindLiveObjects: 0.235400 ms CreateObjectMapping: 0.059900 ms MarkObjects: 2.035000 ms  DeleteObjects: 0.131300 ms)

========================================================================
Received Import Request.
  Time since last request: 1028.403963 seconds.
  path: Assets/Art/PatternBlock.png
  artifactKey: Guid(2d213b8741f76b844a905d1fbee25ee6) Importer(815301076,1909f56bfc062723c751e8b465ee728b)
Start importing Assets/Art/PatternBlock.png using Guid(2d213b8741f76b844a905d1fbee25ee6) Importer(815301076,1909f56bfc062723c751e8b465ee728b)  -> (artifact id: 'da5af2104c563ce8df0905e8709d57ee') in 0.064657 seconds
  Import took 0.068966 seconds .

========================================================================
Received Import Request.
  Time since last request: 0.015442 seconds.
  path: Assets/Art/PatternBlock.png
  artifactKey: Guid(2d213b8741f76b844a905d1fbee25ee6) Importer(815301076,1909f56bfc062723c751e8b465ee728b)
Start importing Assets/Art/PatternBlock.png using Guid(2d213b8741f76b844a905d1fbee25ee6) Importer(815301076,1909f56bfc062723c751e8b465ee728b)  -> (artifact id: 'da5af2104c563ce8df0905e8709d57ee') in 0.011635 seconds
  Import took 0.015454 seconds .

========================================================================
Received Import Request.
  Time since last request: 5.377000 seconds.
  path: Assets/Art/PatternBlock.png
  artifactKey: Guid(2d213b8741f76b844a905d1fbee25ee6) Importer(815301076,1909f56bfc062723c751e8b465ee728b)
Start importing Assets/Art/PatternBlock.png using Guid(2d213b8741f76b844a905d1fbee25ee6) Importer(815301076,1909f56bfc062723c751e8b465ee728b)  -> (artifact id: 'dfe5899a1ec7774b529dd946bb6167c4') in 0.026544 seconds
  Import took 0.030209 seconds .

========================================================================
Received Import Request.
  Time since last request: 5.822634 seconds.
  path: Assets/Art/PatternBlock.png
  artifactKey: Guid(2d213b8741f76b844a905d1fbee25ee6) Importer(815301076,1909f56bfc062723c751e8b465ee728b)
Start importing Assets/Art/PatternBlock.png using Guid(2d213b8741f76b844a905d1fbee25ee6) Importer(815301076,1909f56bfc062723c751e8b465ee728b)  -> (artifact id: '2f912654ab695c520780a434bdf8a8ca') in 0.028940 seconds
  Import took 0.033136 seconds .

========================================================================
Received Import Request.
  Time since last request: 88.506183 seconds.
  path: Assets/Art/ROCK.prefab
  artifactKey: Guid(649e4677d0f81ff49a4f2827622ead4d) Importer(815301076,1909f56bfc062723c751e8b465ee728b)
Start importing Assets/Art/ROCK.prefab using Guid(649e4677d0f81ff49a4f2827622ead4d) Importer(815301076,1909f56bfc062723c751e8b465ee728b)  -> (artifact id: 'fd603d68002f2c5813ddd2be8abe5b84') in 0.048736 seconds
  Import took 0.052972 seconds .

========================================================================
Received Import Request.
  Time since last request: 6.040286 seconds.
  path: Assets/Art/ROCK.prefab
  artifactKey: Guid(649e4677d0f81ff49a4f2827622ead4d) Importer(815301076,1909f56bfc062723c751e8b465ee728b)
Start importing Assets/Art/ROCK.prefab using Guid(649e4677d0f81ff49a4f2827622ead4d) Importer(815301076,1909f56bfc062723c751e8b465ee728b)  -> (artifact id: '1be4e0bbd53e8cb0cd35ba9233c116ba') in 0.026310 seconds
  Import took 0.031061 seconds .

========================================================================
Received Import Request.
  Time since last request: 4.728707 seconds.
  path: Assets/Art/ROCK.prefab
  artifactKey: Guid(649e4677d0f81ff49a4f2827622ead4d) Importer(815301076,1909f56bfc062723c751e8b465ee728b)
Start importing Assets/Art/ROCK.prefab using Guid(649e4677d0f81ff49a4f2827622ead4d) Importer(815301076,1909f56bfc062723c751e8b465ee728b)  -> (artifact id: '96bea383a90afd2629d5d8946168723f') in 0.016324 seconds
  Import took 0.020065 seconds .

========================================================================
Received Import Request.
  Time since last request: 7.563045 seconds.
  path: Assets/Art/ROCK.prefab
  artifactKey: Guid(649e4677d0f81ff49a4f2827622ead4d) Importer(815301076,1909f56bfc062723c751e8b465ee728b)
Start importing Assets/Art/ROCK.prefab using Guid(649e4677d0f81ff49a4f2827622ead4d) Importer(815301076,1909f56bfc062723c751e8b465ee728b)  -> (artifact id: '2ea342f6e225c3869b88fdfe72cd56e3') in 0.021026 seconds
  Import took 0.024945 seconds .

========================================================================
Received Import Request.
  Time since last request: 3.498893 seconds.
  path: Assets/Art/ROCK.prefab
  artifactKey: Guid(649e4677d0f81ff49a4f2827622ead4d) Importer(815301076,1909f56bfc062723c751e8b465ee728b)
Start importing Assets/Art/ROCK.prefab using Guid(649e4677d0f81ff49a4f2827622ead4d) Importer(815301076,1909f56bfc062723c751e8b465ee728b)  -> (artifact id: '4d7f523f07de20b0d9438fad8bf5f6a1') in 0.024980 seconds
  Import took 0.029625 seconds .

========================================================================
Received Prepare
Registering precompiled user dll's ...
Registered in 0.001121 seconds.
Begin MonoManager ReloadAssembly
Native extension for WindowsStandalone target not found
Refreshing native plugins compatible for Editor in 0.41 ms, found 1 plugins.
Preloading 0 native plugins for Editor in 0.00 ms.
Invoked RoslynAnalysisRunner static constructor.
RoslynAnalysisRunner will not be running.
RoslynAnalysisRunner has terminated.
Mono: successfully reloaded assembly
- Completed reload, in  0.947 seconds
Platform modules already initialized, skipping
Refreshing native plugins compatible for Editor in 0.40 ms, found 1 plugins.
Preloading 0 native plugins for Editor in 0.00 ms.
Unloading 1883 Unused Serialized files (Serialized files now loaded: 0)
System memory in use before: 95.7 MB.
System memory in use after: 95.7 MB.

Unloading 12 unused Assets to reduce memory usage. Loaded Objects now: 2453.
Total: 3.166900 ms (FindLiveObjects: 0.354800 ms CreateObjectMapping: 0.107700 ms MarkObjects: 2.542300 ms  DeleteObjects: 0.160100 ms)

========================================================================
Received Import Request.
  Time since last request: 21.713816 seconds.
  path: Assets/Prefabs/Slice/1/LiveSlice/V1/1.1.prefab
  artifactKey: Guid(edd542915c437974ba2c2ad6a9e74c48) Importer(815301076,1909f56bfc062723c751e8b465ee728b)
Start importing Assets/Prefabs/Slice/1/LiveSlice/V1/1.1.prefab using Guid(edd542915c437974ba2c2ad6a9e74c48) Importer(815301076,1909f56bfc062723c751e8b465ee728b)  -> (artifact id: '95805ceb1eeae743a3c06adb130714d3') in 0.092155 seconds
  Import took 0.096416 seconds .

========================================================================
Received Import Request.
  Time since last request: 1.882899 seconds.
  path: Assets/Prefabs/Slice/1/LiveSlice/V1/1.2.prefab
  artifactKey: Guid(def95d2eb316f59479cf394dd3bd3f52) Importer(815301076,1909f56bfc062723c751e8b465ee728b)
Start importing Assets/Prefabs/Slice/1/LiveSlice/V1/1.2.prefab using Guid(def95d2eb316f59479cf394dd3bd3f52) Importer(815301076,1909f56bfc062723c751e8b465ee728b)  -> (artifact id: 'd911d21bc48ac1235a7ffe27c6f5314c') in 0.024763 seconds
  Import took 0.029475 seconds .

========================================================================
Received Import Request.
  Time since last request: 166.876055 seconds.
  path: Assets/Art/PatternBlock 1.png
  artifactKey: Guid(39f1599758fe78d40817dc3be516d77e) Importer(815301076,1909f56bfc062723c751e8b465ee728b)
Start importing Assets/Art/PatternBlock 1.png using Guid(39f1599758fe78d40817dc3be516d77e) Importer(815301076,1909f56bfc062723c751e8b465ee728b)  -> (artifact id: '9ea3a0da97674cec14cd5e76a82fd55a') in 0.029906 seconds
  Import took 0.033724 seconds .

========================================================================
Received Import Request.
  Time since last request: 0.020010 seconds.
  path: Assets/Art/PatternBlock 1.png
  artifactKey: Guid(39f1599758fe78d40817dc3be516d77e) Importer(815301076,1909f56bfc062723c751e8b465ee728b)
Start importing Assets/Art/PatternBlock 1.png using Guid(39f1599758fe78d40817dc3be516d77e) Importer(815301076,1909f56bfc062723c751e8b465ee728b)  -> (artifact id: '9ea3a0da97674cec14cd5e76a82fd55a') in 0.012288 seconds
  Import took 0.016011 seconds .

========================================================================
Received Import Request.
  Time since last request: 7.823200 seconds.
  path: Assets/Art/PatternBlock.png
  artifactKey: Guid(39f1599758fe78d40817dc3be516d77e) Importer(815301076,1909f56bfc062723c751e8b465ee728b)
Start importing Assets/Art/PatternBlock.png using Guid(39f1599758fe78d40817dc3be516d77e) Importer(815301076,1909f56bfc062723c751e8b465ee728b)  -> (artifact id: '9cb273f7b5a40a4541124741b84e5695') in 0.011141 seconds
  Import took 0.015032 seconds .

========================================================================
Received Import Request.
  Time since last request: 8.891372 seconds.
  path: Assets/Art/PatternBlock.png
  artifactKey: Guid(39f1599758fe78d40817dc3be516d77e) Importer(815301076,1909f56bfc062723c751e8b465ee728b)
Start importing Assets/Art/PatternBlock.png using Guid(39f1599758fe78d40817dc3be516d77e) Importer(815301076,1909f56bfc062723c751e8b465ee728b)  -> (artifact id: '95e0fac0f3555c4d66cde2446d5e5c0e') in 0.028113 seconds
  Import took 0.031145 seconds .

========================================================================
Received Import Request.
  Time since last request: 6.746618 seconds.
  path: Assets/Art/ROCK.prefab
  artifactKey: Guid(649e4677d0f81ff49a4f2827622ead4d) Importer(815301076,1909f56bfc062723c751e8b465ee728b)
Start importing Assets/Art/ROCK.prefab using Guid(649e4677d0f81ff49a4f2827622ead4d) Importer(815301076,1909f56bfc062723c751e8b465ee728b)  -> (artifact id: '8da9a634d8d606cf08fdc395678c8bd2') in 0.022526 seconds
  Import took 0.026162 seconds .

========================================================================
Received Import Request.
  Time since last request: 8.602573 seconds.
  path: Assets/Art/PatternBlock.png
  artifactKey: Guid(39f1599758fe78d40817dc3be516d77e) Importer(815301076,1909f56bfc062723c751e8b465ee728b)
Start importing Assets/Art/PatternBlock.png using Guid(39f1599758fe78d40817dc3be516d77e) Importer(815301076,1909f56bfc062723c751e8b465ee728b)  -> (artifact id: 'a888076564a2b659b0314e1769de2687') in 0.038944 seconds
  Import took 0.042697 seconds .

========================================================================
Received Prepare
Registering precompiled user dll's ...
Registered in 0.001185 seconds.
Begin MonoManager ReloadAssembly
Native extension for WindowsStandalone target not found
Refreshing native plugins compatible for Editor in 0.40 ms, found 1 plugins.
Preloading 0 native plugins for Editor in 0.00 ms.
Invoked RoslynAnalysisRunner static constructor.
RoslynAnalysisRunner will not be running.
RoslynAnalysisRunner has terminated.
Mono: successfully reloaded assembly
- Completed reload, in  0.981 seconds
Platform modules already initialized, skipping
Refreshing native plugins compatible for Editor in 0.45 ms, found 1 plugins.
Preloading 0 native plugins for Editor in 0.00 ms.
Unloading 1883 Unused Serialized files (Serialized files now loaded: 0)
System memory in use before: 95.6 MB.
System memory in use after: 95.6 MB.

Unloading 12 unused Assets to reduce memory usage. Loaded Objects now: 2457.
Total: 2.677700 ms (FindLiveObjects: 0.255100 ms CreateObjectMapping: 0.061000 ms MarkObjects: 2.216800 ms  DeleteObjects: 0.143200 ms)

========================================================================
Received Import Request.
  Time since last request: 34.695044 seconds.
  path: Assets/Prefabs/Slice/1/LiveSlice/V1/1.3.prefab
  artifactKey: Guid(d25d600dfdf1d0646815b22fb9964685) Importer(815301076,1909f56bfc062723c751e8b465ee728b)
Start importing Assets/Prefabs/Slice/1/LiveSlice/V1/1.3.prefab using Guid(d25d600dfdf1d0646815b22fb9964685) Importer(815301076,1909f56bfc062723c751e8b465ee728b)  -> (artifact id: 'e0fd109a95b59ce89c5b07b7529572ad') in 0.067633 seconds
  Import took 0.072200 seconds .

========================================================================
Received Import Request.
  Time since last request: 0.000194 seconds.
  path: Assets/Prefabs/Slice/1/LiveSlice/V1/1.2.prefab
  artifactKey: Guid(def95d2eb316f59479cf394dd3bd3f52) Importer(815301076,1909f56bfc062723c751e8b465ee728b)
Start importing Assets/Prefabs/Slice/1/LiveSlice/V1/1.2.prefab using Guid(def95d2eb316f59479cf394dd3bd3f52) Importer(815301076,1909f56bfc062723c751e8b465ee728b)  -> (artifact id: '1ac77f8691164b4fe635509996aa321e') in 0.024077 seconds
  Import took 0.028095 seconds .

========================================================================
Received Import Request.
  Time since last request: 0.002835 seconds.
  path: Assets/Prefabs/Slice/1/LiveSlice/V1/1.1.prefab
  artifactKey: Guid(edd542915c437974ba2c2ad6a9e74c48) Importer(815301076,1909f56bfc062723c751e8b465ee728b)
Start importing Assets/Prefabs/Slice/1/LiveSlice/V1/1.1.prefab using Guid(edd542915c437974ba2c2ad6a9e74c48) Importer(815301076,1909f56bfc062723c751e8b465ee728b)  -> (artifact id: 'e504dce50b1a89a97282ba2e200d5143') in 0.019597 seconds
  Import took 0.023704 seconds .

========================================================================
Received Import Request.
  Time since last request: 0.634819 seconds.
  path: Assets/Art/ROCK.prefab
  artifactKey: Guid(649e4677d0f81ff49a4f2827622ead4d) Importer(815301076,1909f56bfc062723c751e8b465ee728b)
Start importing Assets/Art/ROCK.prefab using Guid(649e4677d0f81ff49a4f2827622ead4d) Importer(815301076,1909f56bfc062723c751e8b465ee728b)  -> (artifact id: '89bdcd5fa3c72230ba9af0d30e20d596') in 0.014027 seconds
  Import took 0.017203 seconds .

========================================================================
Received Import Request.
  Time since last request: 0.526237 seconds.
  path: Assets/Art/ROCK.prefab
  artifactKey: Guid(649e4677d0f81ff49a4f2827622ead4d) Importer(815301076,1909f56bfc062723c751e8b465ee728b)
Start importing Assets/Art/ROCK.prefab using Guid(649e4677d0f81ff49a4f2827622ead4d) Importer(815301076,1909f56bfc062723c751e8b465ee728b)  -> (artifact id: '873f8fef7398e0479740d3e4f132f640') in 0.010385 seconds
  Import took 0.013999 seconds .

========================================================================
Received Import Request.
  Time since last request: 0.001626 seconds.
  path: Assets/Art/ROCK.prefab
  artifactKey: Guid(649e4677d0f81ff49a4f2827622ead4d) Importer(815301076,1909f56bfc062723c751e8b465ee728b)
Start importing Assets/Art/ROCK.prefab using Guid(649e4677d0f81ff49a4f2827622ead4d) Importer(815301076,1909f56bfc062723c751e8b465ee728b)  -> (artifact id: '873f8fef7398e0479740d3e4f132f640') in 0.010875 seconds
  Import took 0.014215 seconds .

========================================================================
Received Import Request.
  Time since last request: 0.660644 seconds.
  path: Assets/Art/ROCK.prefab
  artifactKey: Guid(649e4677d0f81ff49a4f2827622ead4d) Importer(815301076,1909f56bfc062723c751e8b465ee728b)
Start importing Assets/Art/ROCK.prefab using Guid(649e4677d0f81ff49a4f2827622ead4d) Importer(815301076,1909f56bfc062723c751e8b465ee728b)  -> (artifact id: '2cfdb805c25e4766623f7f4655e88bd4') in 0.011025 seconds
  Import took 0.015565 seconds .

========================================================================
Received Import Request.
  Time since last request: 0.001732 seconds.
  path: Assets/Art/ROCK.prefab
  artifactKey: Guid(649e4677d0f81ff49a4f2827622ead4d) Importer(815301076,1909f56bfc062723c751e8b465ee728b)
Start importing Assets/Art/ROCK.prefab using Guid(649e4677d0f81ff49a4f2827622ead4d) Importer(815301076,1909f56bfc062723c751e8b465ee728b)  -> (artifact id: '2cfdb805c25e4766623f7f4655e88bd4') in 0.010676 seconds
  Import took 0.013955 seconds .

========================================================================
Received Import Request.
  Time since last request: 0.557473 seconds.
  path: Assets/Art/ROCK.prefab
  artifactKey: Guid(649e4677d0f81ff49a4f2827622ead4d) Importer(815301076,1909f56bfc062723c751e8b465ee728b)
Start importing Assets/Art/ROCK.prefab using Guid(649e4677d0f81ff49a4f2827622ead4d) Importer(815301076,1909f56bfc062723c751e8b465ee728b)  -> (artifact id: '7336befa64aa8e20e355af5cc69ac86e') in 0.010551 seconds
  Import took 0.015945 seconds .

========================================================================
Received Import Request.
  Time since last request: 0.002574 seconds.
  path: Assets/Art/ROCK.prefab
  artifactKey: Guid(649e4677d0f81ff49a4f2827622ead4d) Importer(815301076,1909f56bfc062723c751e8b465ee728b)
Start importing Assets/Art/ROCK.prefab using Guid(649e4677d0f81ff49a4f2827622ead4d) Importer(815301076,1909f56bfc062723c751e8b465ee728b)  -> (artifact id: '7336befa64aa8e20e355af5cc69ac86e') in 0.011061 seconds
  Import took 0.016424 seconds .

========================================================================
Received Prepare
Registering precompiled user dll's ...
Registered in 0.001114 seconds.
Begin MonoManager ReloadAssembly
Native extension for WindowsStandalone target not found
Refreshing native plugins compatible for Editor in 0.40 ms, found 1 plugins.
Preloading 0 native plugins for Editor in 0.00 ms.
Invoked RoslynAnalysisRunner static constructor.
RoslynAnalysisRunner will not be running.
RoslynAnalysisRunner has terminated.
Mono: successfully reloaded assembly
- Completed reload, in  0.992 seconds
Platform modules already initialized, skipping
Refreshing native plugins compatible for Editor in 0.41 ms, found 1 plugins.
Preloading 0 native plugins for Editor in 0.00 ms.
Unloading 1883 Unused Serialized files (Serialized files now loaded: 0)
System memory in use before: 95.7 MB.
System memory in use after: 95.7 MB.

Unloading 12 unused Assets to reduce memory usage. Loaded Objects now: 2461.
Total: 2.713800 ms (FindLiveObjects: 0.257200 ms CreateObjectMapping: 0.061700 ms MarkObjects: 2.268900 ms  DeleteObjects: 0.123800 ms)

========================================================================
Received Prepare
Registering precompiled user dll's ...
Registered in 0.001186 seconds.
Begin MonoManager ReloadAssembly
Native extension for WindowsStandalone target not found
Refreshing native plugins compatible for Editor in 0.43 ms, found 1 plugins.
Preloading 0 native plugins for Editor in 0.00 ms.
Invoked RoslynAnalysisRunner static constructor.
RoslynAnalysisRunner will not be running.
RoslynAnalysisRunner has terminated.
Mono: successfully reloaded assembly
- Completed reload, in  1.168 seconds
Platform modules already initialized, skipping
Refreshing native plugins compatible for Editor in 0.57 ms, found 1 plugins.
Preloading 0 native plugins for Editor in 0.00 ms.
Unloading 1883 Unused Serialized files (Serialized files now loaded: 0)
System memory in use before: 95.6 MB.
System memory in use after: 95.6 MB.

Unloading 12 unused Assets to reduce memory usage. Loaded Objects now: 2464.
Total: 2.762200 ms (FindLiveObjects: 0.286000 ms CreateObjectMapping: 0.058800 ms MarkObjects: 2.268900 ms  DeleteObjects: 0.146600 ms)

AssetImportWorkerClient::OnTransportError - code=2 error=End of file
